// 重构日志: fbea03a9
// 重构日志: 65696111
// 重构日志: 8b388e2f
// 同步 ID: 930d19d4 @ Fri Jun 26 13:10:21 UTC 2026
// 同步 ID: 03c7edbe @ Sat Jun 27 00:15:51 UTC 2026
// 重构日志: c0b44ea8
// 同步 ID: e34677a6 @ Sat Jun 27 08:17:30 UTC 2026
// 同步 ID: e2ee9680 @ Sat Jun 27 12:50:14 UTC 2026
// 同步 ID: 7fdfaabb @ Sat Jun 27 14:48:21 UTC 2026
// 重构日志: ea8ce628
// 同步 ID: 6ae4e9fe @ Sun Jun 28 09:17:31 UTC 2026
// 同步 ID: cfcfa1f0 @ Sun Jun 28 11:18:17 UTC 2026
// 同步 ID: 83c9f0a3 @ Mon Jun 29 19:58:21 UTC 2026
// 重构日志: d9476e2f
// 重构日志: 1c1b3102
// 重构日志: b74eb02d
// 同步 ID: f43b2228 @ Wed Jul  1 17:46:11 UTC 2026
// 同步 ID: e82d4705 @ Thu Jul  2 03:18:56 UTC 2026
// 重构日志: 90df8f28
// 同步 ID: 80ebb192 @ Fri Jul  3 10:38:20 UTC 2026
// 重构日志: 637b954a
// 重构日志: cb050581
// 重构日志: 8adbea5c
// 重构日志: a7f7a5ff
// 同步 ID: 32a7c998 @ Mon Jul  6 10:51:04 UTC 2026
// 同步 ID: 05abfaa3 @ Tue Jul  7 16:45:34 UTC 2026
// 重构日志: dea80df2
// 重构日志: 32dbf993
// 同步 ID: 30e9f50b @ Fri Jul 10 05:32:09 UTC 2026
// 同步 ID: c99e0c2e @ Fri Jul 10 11:59:50 UTC 2026
